f:\5 семестр\пибсп\лабораторные\лр3\lab3\serveru\debug\serveru.pch
f:\5 семестр\пибсп\лабораторные\лр3\lab3\serveru\debug\vc142.pdb
f:\5 семестр\пибсп\лабораторные\лр3\lab3\serveru\debug\vc142.idb
f:\5 семестр\пибсп\лабораторные\лр3\lab3\serveru\debug\pch.obj
f:\5 семестр\пибсп\лабораторные\лр3\lab3\serveru\debug\serveru.obj
f:\5 семестр\пибсп\лабораторные\лр3\lab3\debug\serveru.exe
f:\5 семестр\пибсп\лабораторные\лр3\lab3\debug\serveru.ilk
f:\5 семестр\пибсп\лабораторные\лр3\lab3\debug\serveru.pdb
f:\5 семестр\пскп\лабораторные\13\lab3\serveru\debug\errormessages.obj
f:\5 семестр\пскп\лабораторные\13\lab3\serveru\debug\pch.obj
f:\5 семестр\пскп\лабораторные\13\lab3\serveru\debug\serveru.obj
f:\5 семестр\пскп\лабораторные\13\lab3\serveru\debug\serveru.pch
f:\5 семестр\пскп\лабораторные\13\lab3\serveru\debug\vc141.idb
f:\5 семестр\пскп\лабораторные\13\lab3\serveru\debug\vc142.idb
f:\5 семестр\пскп\лабораторные\13\lab3\serveru\debug\vc141.pdb
f:\5 семестр\пскп\лабораторные\13\lab3\serveru\debug\vc142.pdb
f:\5 семестр\пскп\лабораторные\13\lab3\debug\serveru.pdb
f:\5 семестр\пскп\лабораторные\13\lab3\debug\serveru.exe
f:\5 семестр\пскп\лабораторные\13\lab3\debug\serveru.ilk
f:\5 семестр\пскп\лабораторные\13\lab3\serveru\debug\serveru.tlog\cl.command.1.tlog
f:\5 семестр\пскп\лабораторные\13\lab3\serveru\debug\serveru.tlog\cl.read.1.tlog
f:\5 семестр\пскп\лабораторные\13\lab3\serveru\debug\serveru.tlog\cl.write.1.tlog
f:\5 семестр\пскп\лабораторные\13\lab3\serveru\debug\serveru.tlog\link.command.1.tlog
f:\5 семестр\пскп\лабораторные\13\lab3\serveru\debug\serveru.tlog\link.read.1.tlog
f:\5 семестр\пскп\лабораторные\13\lab3\serveru\debug\serveru.tlog\link.write.1.tlog
